2024-06-19T11:13:19.374Z - info: [ui] [AppStore] loading 0 repositories from store
2024-06-19T11:13:19.466Z - info: [ui] [Welcome] no sign in step found. ignoring...
2024-06-19T11:13:19.480Z - info: [ui] launching: 3.2.1-linux1 (Linux 6.1.0-21-amd64)
2024-06-19T11:13:19.483Z - info: [ui] execPath: '/usr/lib/github-desktop/github-desktop'
2024-06-19T11:13:19.613Z - info: [ui] [Welcome] no sign in step found. ignoring...
2024-06-19T11:13:19.725Z - info: [ui] Opt in reported.
2024-06-19T11:13:21.053Z - info: [ui] [Welcome] no sign in step found. ignoring...
2024-06-19T11:13:22.600Z - info: [ui] [Welcome] no sign in step found. ignoring...
2024-06-19T11:13:22.632Z - info: [ui] [Welcome] no sign in step found. ignoring...
2024-06-19T11:13:23.956Z - info: [ui] [Welcome] no sign in step found. ignoring...
2024-06-19T11:13:24.314Z - info: [ui] [Welcome] no sign in step found. ignoring...
2024-06-19T11:13:29.587Z - info: [ui] [Welcome] advancing to step: SignInToDotComWithBrowser
2024-06-19T11:13:29.590Z - info: [ui] [SignInStore] initializing OAuth flow
2024-06-19T11:13:29.598Z - info: [main] opening in browser: https://github.com/login/oauth/authorize?client_id=3a723b10ac5575cc5bb9&scope=repo%20user%20workflow&state=e11f8d17-e74d-4677-8a89-a350539d9ea8
2024-06-19T11:13:29.599Z - info: [ui] [Welcome] current sign in state not found. ignoring...
2024-06-19T11:13:29.777Z - info: [ui] [Welcome] kind Authentication is the same as Authentication. ignoring...
2024-06-19T11:13:32.892Z - info: [ui] [Welcome] kind Authentication is the same as Authentication. ignoring...
2024-06-19T11:13:34.237Z - info: [ui] [Welcome] kind Authentication is the same as Authentication. ignoring...
2024-06-19T11:13:36.112Z - info: [ui] [Welcome] kind Authentication is the same as Authentication. ignoring...
2024-06-19T11:13:36.343Z - info: [main] Received possible protocol arguments: 3
2024-06-19T11:13:36.344Z - info: [main] Processing protocol url
2024-06-19T11:13:36.345Z - info: [ui] [Dispatcher] requesting authenticated user
2024-06-19T11:13:36.359Z - info: [ui] [Welcome] kind Authentication is the same as Authentication. ignoring...
2024-06-19T11:13:36.446Z - info: [main] Received possible protocol arguments: 2
2024-06-19T11:13:36.454Z - info: [main] Processing protocol url
2024-06-19T11:13:37.267Z - info: [ui] [SignInStore] account resolved
2024-06-19T11:13:37.269Z - info: [ui] [AppStore] adding account tonisimonovski (tonisimonovski) to store
2024-06-19T11:13:37.281Z - info: [ui] [Welcome] advancing to step: ConfigureGit
2024-06-19T11:13:37.407Z - info: [ui] [Welcome] no sign in step found. ignoring...
2024-06-19T11:13:37.501Z - info: [ui] [Welcome] no sign in step found. ignoring...
2024-06-19T11:13:41.704Z - info: [ui] [Welcome] no sign in step found. ignoring...
2024-06-19T11:13:41.720Z - info: [ui] [Welcome] no sign in step found. ignoring...
2024-06-19T11:13:42.096Z - info: [ui] Subscribed 'tonisimonovski' to Alive channel
2024-06-19T11:13:42.252Z - info: [ui] [Welcome] no sign in step found. ignoring...
2024-06-19T11:13:42.345Z - info: [ui] [Welcome] no sign in step found. ignoring...
2024-06-19T11:13:42.360Z - info: [ui] [Welcome] no sign in step found. ignoring...
2024-06-19T11:15:21.050Z - info: [ui] [AppStore] adding repository at /home/toni/Documents/GitHub/dotes to store
2024-06-19T11:15:50.274Z - info: [main] Received possible protocol arguments: 3
2024-06-19T11:15:50.410Z - info: [ui] [RepositoryIndicatorUpdater]: Refreshing sidebar indicators for 1 repositories took 0.1s of which 0.0s paused, total 0.1s
2024-06-19T11:17:24.422Z - info: [ui] [AppStore.getAccountForRemoteURL] account found for remote: https://github.com/tonisimonovski/dotfiles.git - tonisimonovski (has token)
2024-06-19T11:17:25.626Z - info: [ui] Executing clone: git -c credential.helper= -c init.defaultBranch=main clone --recursive --progress -- https://github.com/tonisimonovski/dotfiles.git /home/toni/Documents/GitHub/dotfiles (took 1.175s)
2024-06-19T11:17:25.637Z - info: [ui] [AppStore] adding repository at /home/toni/Documents/GitHub/dotfiles to store
2024-06-19T11:17:26.267Z - info: [ui] [BranchPruner] No branches to prune.
2024-06-19T11:17:52.809Z - info: [main] opening in browser: https://github.com/tonisimonovski/dotfiles
