{"level":30,"time":"2024-06-12T10:07:30.780Z","msg":"Profile Service initialized"}
{"level":30,"time":"2024-06-12T10:07:30.965Z","msg":"libsignal net environment resolved to [Production]"}
{"level":30,"time":"2024-06-12T10:07:31.000Z","msg":"preload complete"}
{"level":30,"time":"2024-06-12T10:07:31.001Z","msg":"@signalapp/libsignal-client Initializing libsignal version:0.46.2 signal_node::logging rust/bridge/node/src/logging.rs:136"}
{"level":30,"time":"2024-06-12T10:07:31.104Z","msg":"NotificationService initialized"}
{"level":30,"time":"2024-06-12T10:07:31.116Z","msg":"initializeMessageCounter: picking stored counter"}
{"level":30,"time":"2024-06-12T10:07:31.116Z","msg":"Our profile key service: initializing"}
{"level":30,"time":"2024-06-12T10:07:31.117Z","msg":"background page reloaded"}
{"level":30,"time":"2024-06-12T10:07:31.117Z","msg":"environment: production"}
{"level":30,"time":"2024-06-12T10:07:31.122Z","msg":"Checking for the existence of IndexedDB data..."}
{"level":30,"time":"2024-06-12T10:07:31.176Z","msg":"Storage fetch"}
{"level":40,"time":"2024-06-12T10:07:31.184Z","msg":"SocketManager authenticate was called without credentials"}
{"level":30,"time":"2024-06-12T10:07:31.185Z","msg":"Initializing MessageReceiver"}
{"level":30,"time":"2024-06-12T10:07:31.186Z","msg":"Sender certificate service initialized"}
{"level":30,"time":"2024-06-12T10:07:31.227Z","msg":"Starting background data migration. Target version: 11"}
{"level":30,"time":"2024-06-12T10:07:31.238Z","msg":"RetryPlaceholders.constructor: Started with 0 items, lifespan of 3600000"}
{"level":30,"time":"2024-06-12T10:07:31.238Z","msg":"ConversationController: starting initial fetch"}
{"level":30,"time":"2024-06-12T10:07:31.239Z","msg":"GET (WS) https://chat.signal.org/v1/config"}
{"level":30,"time":"2024-06-12T10:07:31.239Z","msg":"SocketManager: connecting unauthenticated socket"}
{"level":30,"time":"2024-06-12T10:07:31.241Z","msg":"SocketManager: connecting unauthenticated socket, transport option [original]"}
{"level":30,"time":"2024-06-12T10:07:31.252Z","msg":"ConversationController: done with initial fetch, got 0 conversations"}
{"level":30,"time":"2024-06-12T10:07:31.260Z","msg":"SignalProtocolStore: Finished caching identityKeys data"}
{"level":30,"time":"2024-06-12T10:07:31.261Z","msg":"SignalProtocolStore: Finished caching kyberPreKeys data"}
{"level":30,"time":"2024-06-12T10:07:31.261Z","msg":"SignalProtocolStore: Finished caching sessions data"}
{"level":30,"time":"2024-06-12T10:07:31.261Z","msg":"SignalProtocolStore: Finished caching preKeys data"}
{"level":30,"time":"2024-06-12T10:07:31.261Z","msg":"SignalProtocolStore: Finished caching senderKeys data"}
{"level":30,"time":"2024-06-12T10:07:31.261Z","msg":"SignalProtocolStore: Finished caching signedPreKeys data"}
{"level":30,"time":"2024-06-12T10:07:31.266Z","msg":"ConversationController.checkForConflicts: starting..."}
{"level":30,"time":"2024-06-12T10:07:31.266Z","msg":"checkForConflicts: complete!"}
{"level":30,"time":"2024-06-12T10:07:31.267Z","msg":"Storage/getItemsState: now preparing copy of items..."}
{"level":30,"time":"2024-06-12T10:07:31.272Z","msg":"conversation job queue: starting to stream jobs"}
{"level":30,"time":"2024-06-12T10:07:31.272Z","msg":"JobQueueDatabaseStore fetching existing jobs for queue \"conversation\""}
{"level":30,"time":"2024-06-12T10:07:31.273Z","msg":"single proto job queue: starting to stream jobs"}
{"level":30,"time":"2024-06-12T10:07:31.273Z","msg":"JobQueueDatabaseStore fetching existing jobs for queue \"single proto\""}
{"level":30,"time":"2024-06-12T10:07:31.273Z","msg":"read sync job queue: starting to stream jobs"}
{"level":30,"time":"2024-06-12T10:07:31.273Z","msg":"JobQueueDatabaseStore fetching existing jobs for queue \"read sync\""}
{"level":30,"time":"2024-06-12T10:07:31.273Z","msg":"view sync job queue: starting to stream jobs"}
{"level":30,"time":"2024-06-12T10:07:31.273Z","msg":"JobQueueDatabaseStore fetching existing jobs for queue \"view sync\""}
{"level":30,"time":"2024-06-12T10:07:31.273Z","msg":"view once open sync job queue: starting to stream jobs"}
{"level":30,"time":"2024-06-12T10:07:31.273Z","msg":"JobQueueDatabaseStore fetching existing jobs for queue \"view once open sync\""}
{"level":30,"time":"2024-06-12T10:07:31.273Z","msg":"remove storage key job queue: starting to stream jobs"}
{"level":30,"time":"2024-06-12T10:07:31.273Z","msg":"JobQueueDatabaseStore fetching existing jobs for queue \"remove storage key\""}
{"level":30,"time":"2024-06-12T10:07:31.274Z","msg":"report spam job queue: starting to stream jobs"}
{"level":30,"time":"2024-06-12T10:07:31.274Z","msg":"JobQueueDatabaseStore fetching existing jobs for queue \"report spam\""}
{"level":30,"time":"2024-06-12T10:07:31.274Z","msg":"challenge: loading 0 challenges"}
{"level":30,"time":"2024-06-12T10:07:31.274Z","msg":"Initializing network observer"}
{"level":30,"time":"2024-06-12T10:07:31.275Z","msg":"BadgeDownloader#checkForFilesToDownload: downloading 0 badge(s)"}
{"level":30,"time":"2024-06-12T10:07:31.276Z","msg":"Expiration start timestamp cleanup: starting..."}
{"level":30,"time":"2024-06-12T10:07:31.292Z","msg":"JobQueueDatabaseStore finished fetching existing 0 jobs for queue \"conversation\""}
{"level":30,"time":"2024-06-12T10:07:31.292Z","msg":"JobQueueDatabaseStore finished fetching existing 0 jobs for queue \"single proto\""}
{"level":30,"time":"2024-06-12T10:07:31.292Z","msg":"JobQueueDatabaseStore finished fetching existing 0 jobs for queue \"read sync\""}
{"level":30,"time":"2024-06-12T10:07:31.292Z","msg":"JobQueueDatabaseStore finished fetching existing 0 jobs for queue \"view sync\""}
{"level":30,"time":"2024-06-12T10:07:31.292Z","msg":"JobQueueDatabaseStore finished fetching existing 0 jobs for queue \"view once open sync\""}
{"level":30,"time":"2024-06-12T10:07:31.292Z","msg":"JobQueueDatabaseStore finished fetching existing 0 jobs for queue \"remove storage key\""}
{"level":30,"time":"2024-06-12T10:07:31.292Z","msg":"JobQueueDatabaseStore finished fetching existing 0 jobs for queue \"report spam\""}
{"level":30,"time":"2024-06-12T10:07:31.292Z","msg":"Expiration start timestamp cleanup: Found 0 messages for cleanup"}
{"level":30,"time":"2024-06-12T10:07:31.293Z","msg":"Expiration start timestamp cleanup: Cancelling update; we don't have our own UUID"}
{"level":30,"time":"2024-06-12T10:07:31.293Z","msg":"Expiration start timestamp cleanup: complete"}
{"level":30,"time":"2024-06-12T10:07:31.293Z","msg":"listening for registration events"}
{"level":30,"time":"2024-06-12T10:07:31.309Z","msg":"Build expires (local): 2024-09-02T15:35:19.000Z"}
{"level":30,"time":"2024-06-12T10:07:31.317Z","msg":"afterStart(): emitting app-ready-for-processing"}
{"level":30,"time":"2024-06-12T10:07:31.317Z","msg":"MessageReceiver.reset"}
{"level":30,"time":"2024-06-12T10:07:31.317Z","msg":"MessageReceiver.addCachedMessagesToQueue"}
{"level":30,"time":"2024-06-12T10:07:31.317Z","msg":"getAllFromCache"}
{"level":30,"time":"2024-06-12T10:07:31.357Z","msg":"InstallScreen/getQRCode: race to 10000ms"}
{"level":30,"time":"2024-06-12T10:07:31.359Z","msg":"getAllFromCache - 0 unprocessed"}
{"level":30,"time":"2024-06-12T10:07:31.359Z","msg":"getAllFromCache - done retrieving 0 unprocessed"}
{"level":30,"time":"2024-06-12T10:07:31.359Z","msg":"MessageReceiver.queueAllCached - finished"}
{"level":30,"time":"2024-06-12T10:07:31.701Z","msg":"createHTTPSAgent.createConnection(chat.signal.org): connected to IPv4 addr after 425ms (attempts v4=1 v6=0)"}
{"level":30,"time":"2024-06-12T10:07:31.709Z","msg":"createHTTPSAgent.createConnection(chat.signal.org): connected to IPv4 addr after 346ms (attempts v4=1 v6=0)"}
{"level":30,"time":"2024-06-12T10:07:31.909Z","msg":"WebSocketResource(unauthenticated) connected in 667.5ms"}
{"level":30,"time":"2024-06-12T10:07:31.912Z","msg":"SocketManager: connected unauthenticated socket (localPort: 54620)"}
{"level":30,"time":"2024-06-12T10:07:31.912Z","msg":"SocketManager: starting expiration timer for unauthenticated socket"}
{"level":30,"time":"2024-06-12T10:07:31.922Z","msg":"WebSocketResource(provisioning) connected in 564.2ms"}
{"level":30,"time":"2024-06-12T10:07:31.922Z","msg":"provisioning socket open"}
{"level":50,"time":"2024-06-12T10:07:32.054Z","msg":"Got 401 from Signal Server. We might be unlinked."}
{"level":50,"time":"2024-06-12T10:07:32.055Z","msg":"GET (WS) https://chat.signal.org/v1/config 401 Error"}
{"level":50,"time":"2024-06-12T10:07:32.056Z","msg":"Top-level unhandled promise rejection: HTTPError: promiseAjax: error response; code: 401\n    at makeHTTPError ([REDACTED]/resources/app.asar/preload.bundle.js:90:951)\n    at _promiseAjax ([REDACTED]/resources/app.asar/preload.bundle.js:90:111)\n    at process.processTicksAndRejections (node:internal/process/task_queues:95:5)\n    at async _retryAjax ([REDACTED]/resources/app.asar/preload.bundle.js:90:696)\n    at async ue ([REDACTED]/resources/app.asar/preload.bundle.js:90:6520)\n    at async Object._e [as getConfig] ([REDACTED]/resources/app.asar/preload.bundle.js:90:7673)\n    at async refreshRemoteConfig ([REDACTED]/resources/app.asar/preload.bundle.js:64:7496)\n    at async Object.initRemoteConfig ([REDACTED]/resources/app.asar/preload.bundle.js:64:6389)\nOriginal stack:\nError\n    at _outerAjax ([REDACTED]/resources/app.asar/preload.bundle.js:90:867)\n    at ue ([REDACTED]/resources/app.asar/preload.bundle.js:90:6526)\n    at Object._e [as getConfig] ([REDACTED]/resources/app.asar/preload.bundle.js:90:7679)\n    at refreshRemoteConfig ([REDACTED]/resources/app.asar/preload.bundle.js:64:7504)\n    at invokeFunc ([REDACTED]/resources/app.asar/preload.bundle.js:3:14297)\n    at leadingEdge ([REDACTED]/resources/app.asar/preload.bundle.js:3:14376)\n    at debounced ([REDACTED]/resources/app.asar/preload.bundle.js:3:14958)\n    at Object.initRemoteConfig ([REDACTED]/resources/app.asar/preload.bundle.js:64:6395)\n    at [REDACTED]/resources/app.asar/preload.bundle.js:164:13978\nCaused by: undefined"}
{"level":30,"time":"2024-06-12T10:07:32.306Z","msg":"checkExpiringMessages: checking for expiring messages"}
{"level":30,"time":"2024-06-12T10:07:32.309Z","msg":"checkExpiringMessages: found no messages to expire"}
