2024-06-19 12:19:10.122 [info] Log level: Info
2024-06-19 12:19:10.122 [info] Validating found git in: "git"
2024-06-19 12:19:10.202 [info] Using git "2.39.2" from "git"
2024-06-19 12:19:10.263 [info] > git rev-parse --show-toplevel [20ms]
2024-06-19 12:19:10.263 [info] fatal: not a git repository (or any of the parent directories): .git
2024-06-19 12:19:10.348 [info] > git rev-parse --show-toplevel [18ms]
2024-06-19 12:19:10.348 [info] fatal: not a git repository (or any of the parent directories): .git
2024-06-19 12:19:10.370 [info] > git rev-parse --show-toplevel [7ms]
2024-06-19 12:19:10.370 [info] fatal: not a git repository (or any of the parent directories): .git
2024-06-19 12:19:10.405 [info] > git rev-parse --show-toplevel [16ms]
2024-06-19 12:19:10.405 [info] fatal: not a git repository (or any of the parent directories): .git
2024-06-19 12:19:10.425 [info] > git rev-parse --show-toplevel [5ms]
2024-06-19 12:19:10.425 [info] fatal: not a git repository (or any of the parent directories): .git
2024-06-19 12:19:10.451 [info] > git rev-parse --show-toplevel [7ms]
2024-06-19 12:19:10.451 [info] fatal: not a git repository (or any of the parent directories): .git
2024-06-19 12:19:10.473 [info] > git rev-parse --show-toplevel [3ms]
2024-06-19 12:19:10.473 [info] fatal: not a git repository (or any of the parent directories): .git
2024-06-19 12:19:10.490 [info] > git rev-parse --show-toplevel [3ms]
2024-06-19 12:19:10.490 [info] fatal: not a git repository (or any of the parent directories): .git
2024-06-19 12:19:10.521 [info] > git rev-parse --show-toplevel [4ms]
2024-06-19 12:19:10.521 [info] fatal: not a git repository (or any of the parent directories): .git
2024-06-19 12:19:10.584 [info] > git rev-parse --show-toplevel [39ms]
2024-06-19 12:19:10.584 [info] fatal: not a git repository (or any of the parent directories): .git
2024-06-19 12:19:10.607 [info] > git rev-parse --show-toplevel [8ms]
2024-06-19 12:19:10.608 [info] fatal: not a git repository (or any of the parent directories): .git
2024-06-19 12:19:10.619 [info] > git rev-parse --show-toplevel [4ms]
2024-06-19 12:19:10.619 [info] fatal: not a git repository (or any of the parent directories): .git
2024-06-19 12:19:10.638 [info] > git rev-parse --show-toplevel [9ms]
2024-06-19 12:19:10.638 [info] fatal: not a git repository (or any of the parent directories): .git
2024-06-19 12:19:10.671 [info] > git rev-parse --show-toplevel [12ms]
2024-06-19 12:19:10.671 [info] fatal: not a git repository (or any of the parent directories): .git
2024-06-19 12:19:10.704 [info] > git rev-parse --show-toplevel [24ms]
2024-06-19 12:19:10.704 [info] fatal: not a git repository (or any of the parent directories): .git
2024-06-19 12:19:10.722 [info] > git rev-parse --show-toplevel [5ms]
2024-06-19 12:19:10.723 [info] fatal: not a git repository (or any of the parent directories): .git
2024-06-19 12:19:10.743 [info] > git rev-parse --show-toplevel [10ms]
2024-06-19 12:19:10.743 [info] fatal: not a git repository (or any of the parent directories): .git
2024-06-19 12:19:10.773 [info] > git rev-parse --show-toplevel [13ms]
2024-06-19 12:19:10.773 [info] fatal: not a git repository (or any of the parent directories): .git
2024-06-19 12:19:10.802 [info] > git rev-parse --show-toplevel [11ms]
2024-06-19 12:19:10.802 [info] fatal: not a git repository (or any of the parent directories): .git
2024-06-19 12:19:10.826 [info] > git rev-parse --show-toplevel [10ms]
2024-06-19 12:19:10.826 [info] fatal: not a git repository (or any of the parent directories): .git
2024-06-19 12:19:11.147 [info] > git rev-parse --show-toplevel [16ms]
2024-06-19 12:19:11.147 [info] fatal: not a git repository (or any of the parent directories): .git
