2024-06-19 12:26:32.455 [info] Log level: Info
2024-06-19 12:26:32.455 [info] Validating found git in: "git"
2024-06-19 12:26:32.455 [info] Using git "2.39.2" from "git"
2024-06-19 12:26:32.455 [info] > git rev-parse --show-toplevel [9ms]
2024-06-19 12:26:32.455 [info] fatal: not a git repository (or any of the parent directories): .git
2024-06-19 12:26:32.455 [info] > git rev-parse --show-toplevel [5ms]
2024-06-19 12:26:32.455 [info] fatal: not a git repository (or any of the parent directories): .git
2024-06-19 12:26:32.455 [info] > git rev-parse --show-toplevel [4ms]
2024-06-19 12:26:32.455 [info] fatal: not a git repository (or any of the parent directories): .git
2024-06-19 12:26:32.480 [info] > git rev-parse --show-toplevel [19ms]
2024-06-19 12:26:32.480 [info] fatal: not a git repository (or any of the parent directories): .git
2024-06-19 12:26:32.499 [info] > git rev-parse --show-toplevel [9ms]
2024-06-19 12:26:32.499 [info] fatal: not a git repository (or any of the parent directories): .git
2024-06-19 12:26:32.505 [info] > git rev-parse --show-toplevel [2ms]
2024-06-19 12:26:32.505 [info] fatal: not a git repository (or any of the parent directories): .git
2024-06-19 12:26:32.512 [info] > git rev-parse --show-toplevel [2ms]
2024-06-19 12:26:32.512 [info] fatal: not a git repository (or any of the parent directories): .git
2024-06-19 12:26:32.520 [info] > git rev-parse --show-toplevel [2ms]
2024-06-19 12:26:32.520 [info] fatal: not a git repository (or any of the parent directories): .git
2024-06-19 12:26:32.527 [info] > git rev-parse --show-toplevel [2ms]
2024-06-19 12:26:32.527 [info] fatal: not a git repository (or any of the parent directories): .git
2024-06-19 12:26:32.533 [info] > git rev-parse --show-toplevel [2ms]
2024-06-19 12:26:32.533 [info] fatal: not a git repository (or any of the parent directories): .git
2024-06-19 12:26:32.540 [info] > git rev-parse --show-toplevel [2ms]
2024-06-19 12:26:32.540 [info] fatal: not a git repository (or any of the parent directories): .git
2024-06-19 12:26:32.546 [info] > git rev-parse --show-toplevel [2ms]
2024-06-19 12:26:32.546 [info] fatal: not a git repository (or any of the parent directories): .git
2024-06-19 12:26:32.552 [info] > git rev-parse --show-toplevel [2ms]
2024-06-19 12:26:32.552 [info] fatal: not a git repository (or any of the parent directories): .git
2024-06-19 12:26:32.559 [info] > git rev-parse --show-toplevel [2ms]
2024-06-19 12:26:32.559 [info] fatal: not a git repository (or any of the parent directories): .git
2024-06-19 12:26:32.576 [info] > git rev-parse --show-toplevel [12ms]
2024-06-19 12:26:32.576 [info] fatal: not a git repository (or any of the parent directories): .git
2024-06-19 12:26:32.589 [info] > git rev-parse --show-toplevel [7ms]
2024-06-19 12:26:32.589 [info] fatal: not a git repository (or any of the parent directories): .git
2024-06-19 12:26:32.597 [info] > git rev-parse --show-toplevel [2ms]
2024-06-19 12:26:32.598 [info] fatal: not a git repository (or any of the parent directories): .git
2024-06-19 12:26:32.604 [info] > git rev-parse --show-toplevel [1ms]
2024-06-19 12:26:32.605 [info] fatal: not a git repository (or any of the parent directories): .git
2024-06-19 12:26:32.611 [info] > git rev-parse --show-toplevel [2ms]
2024-06-19 12:26:32.611 [info] fatal: not a git repository (or any of the parent directories): .git
2024-06-19 12:26:32.620 [info] > git rev-parse --show-toplevel [3ms]
2024-06-19 12:26:32.620 [info] fatal: not a git repository (or any of the parent directories): .git
2024-06-19 12:26:32.626 [info] > git rev-parse --show-toplevel [2ms]
2024-06-19 12:26:32.626 [info] fatal: not a git repository (or any of the parent directories): .git
2024-06-19 12:26:32.635 [info] > git rev-parse --show-toplevel [3ms]
2024-06-19 12:26:32.636 [info] fatal: not a git repository (or any of the parent directories): .git
2024-06-19 12:26:32.644 [info] > git rev-parse --show-toplevel [3ms]
2024-06-19 12:26:32.644 [info] fatal: not a git repository (or any of the parent directories): .git
2024-06-19 12:26:33.021 [info] > git rev-parse --show-toplevel [5ms]
2024-06-19 12:26:33.021 [info] fatal: not a git repository (or any of the parent directories): .git
