2024-06-19 12:19:47.904 [info] Log level: Info
2024-06-19 12:19:47.904 [info] Validating found git in: "git"
2024-06-19 12:19:47.904 [info] Using git "2.39.2" from "git"
2024-06-19 12:19:47.904 [info] > git rev-parse --show-toplevel [38ms]
2024-06-19 12:19:47.904 [info] fatal: not a git repository (or any of the parent directories): .git
2024-06-19 12:19:47.924 [info] > git rev-parse --show-toplevel [23ms]
2024-06-19 12:19:47.924 [info] fatal: not a git repository (or any of the parent directories): .git
2024-06-19 12:19:47.937 [info] > git rev-parse --show-toplevel [6ms]
2024-06-19 12:19:47.937 [info] fatal: not a git repository (or any of the parent directories): .git
2024-06-19 12:19:47.948 [info] > git rev-parse --show-toplevel [4ms]
2024-06-19 12:19:47.948 [info] fatal: not a git repository (or any of the parent directories): .git
2024-06-19 12:19:47.958 [info] > git rev-parse --show-toplevel [5ms]
2024-06-19 12:19:47.958 [info] fatal: not a git repository (or any of the parent directories): .git
2024-06-19 12:19:47.967 [info] > git rev-parse --show-toplevel [4ms]
2024-06-19 12:19:47.967 [info] fatal: not a git repository (or any of the parent directories): .git
2024-06-19 12:19:47.976 [info] > git rev-parse --show-toplevel [4ms]
2024-06-19 12:19:47.976 [info] fatal: not a git repository (or any of the parent directories): .git
2024-06-19 12:19:47.985 [info] > git rev-parse --show-toplevel [3ms]
2024-06-19 12:19:47.985 [info] fatal: not a git repository (or any of the parent directories): .git
2024-06-19 12:19:47.994 [info] > git rev-parse --show-toplevel [4ms]
2024-06-19 12:19:47.994 [info] fatal: not a git repository (or any of the parent directories): .git
2024-06-19 12:19:48.022 [info] > git rev-parse --show-toplevel [13ms]
2024-06-19 12:19:48.022 [info] fatal: not a git repository (or any of the parent directories): .git
2024-06-19 12:19:48.045 [info] > git rev-parse --show-toplevel [11ms]
2024-06-19 12:19:48.045 [info] fatal: not a git repository (or any of the parent directories): .git
2024-06-19 12:19:48.053 [info] > git rev-parse --show-toplevel [2ms]
2024-06-19 12:19:48.053 [info] fatal: not a git repository (or any of the parent directories): .git
2024-06-19 12:19:48.071 [info] > git rev-parse --show-toplevel [2ms]
2024-06-19 12:19:48.071 [info] fatal: not a git repository (or any of the parent directories): .git
2024-06-19 12:19:48.093 [info] > git rev-parse --show-toplevel [8ms]
2024-06-19 12:19:48.093 [info] fatal: not a git repository (or any of the parent directories): .git
2024-06-19 12:19:48.114 [info] > git rev-parse --show-toplevel [6ms]
2024-06-19 12:19:48.114 [info] fatal: not a git repository (or any of the parent directories): .git
2024-06-19 12:19:48.127 [info] > git rev-parse --show-toplevel [4ms]
2024-06-19 12:19:48.127 [info] fatal: not a git repository (or any of the parent directories): .git
2024-06-19 12:19:48.154 [info] > git rev-parse --show-toplevel [6ms]
2024-06-19 12:19:48.154 [info] fatal: not a git repository (or any of the parent directories): .git
2024-06-19 12:19:48.162 [info] > git rev-parse --show-toplevel [3ms]
2024-06-19 12:19:48.162 [info] fatal: not a git repository (or any of the parent directories): .git
2024-06-19 12:19:48.174 [info] > git rev-parse --show-toplevel [4ms]
2024-06-19 12:19:48.174 [info] fatal: not a git repository (or any of the parent directories): .git
2024-06-19 12:19:48.181 [info] > git rev-parse --show-toplevel [3ms]
2024-06-19 12:19:48.181 [info] fatal: not a git repository (or any of the parent directories): .git
2024-06-19 12:19:48.923 [info] > git rev-parse --show-toplevel [2ms]
2024-06-19 12:19:48.923 [info] fatal: not a git repository (or any of the parent directories): .git
2024-06-19 12:20:59.284 [info] > git rev-parse --show-toplevel [1ms]
2024-06-19 12:20:59.284 [info] fatal: not a git repository (or any of the parent directories): .git
