2024-06-19 11:57:30.477 [info] Extension host with pid 5567 started
2024-06-19 11:57:30.718 [info] ExtensionService#_doActivateExtension vscode.git-base, startup: true, activationEvent: '*', root cause: vscode.git
2024-06-19 11:57:30.789 [info] ExtensionService#_doActivateExtension vscode.git, startup: true, activationEvent: '*'
2024-06-19 11:57:30.990 [info] ExtensionService#_doActivateExtension vscode.github, startup: true, activationEvent: '*'
2024-06-19 11:57:31.142 [info] Eager extensions activated
2024-06-19 11:57:31.180 [info] ExtensionService#_doActivateExtension vscode.debug-auto-launch, startup: false, activationEvent: 'onStartupFinished'
2024-06-19 11:57:31.186 [info] ExtensionService#_doActivateExtension vscode.merge-conflict, startup: false, activationEvent: 'onStartupFinished'
2024-06-19 11:57:49.118 [info] Extension host terminating: renderer closed the MessagePort
2024-06-19 11:57:49.127 [info] Extension host with pid 5567 exiting with code 0
2024-06-19 11:57:50.969 [info] Extension host with pid 5897 started
2024-06-19 11:57:50.969 [info] Skipping acquiring lock for /home/toni/.config/VSCodium/User/workspaceStorage/89cdb4a894c5456632dc382139ea64a3.
2024-06-19 11:57:51.024 [info] ExtensionService#_doActivateExtension vscode.git-base, startup: true, activationEvent: '*', root cause: vscode.git
2024-06-19 11:57:51.039 [info] ExtensionService#_doActivateExtension vscode.git, startup: true, activationEvent: '*'
2024-06-19 11:57:51.087 [info] ExtensionService#_doActivateExtension vscode.github, startup: true, activationEvent: '*'
2024-06-19 11:57:51.165 [info] Eager extensions activated
2024-06-19 11:57:51.230 [info] ExtensionService#_doActivateExtension vscode.debug-auto-launch, startup: false, activationEvent: 'onStartupFinished'
2024-06-19 11:57:51.234 [info] ExtensionService#_doActivateExtension vscode.merge-conflict, startup: false, activationEvent: 'onStartupFinished'
2024-06-19 11:57:57.010 [info] ExtensionService#_doActivateExtension vscode.emmet, startup: false, activationEvent: 'onLanguage'
2024-06-19 12:01:09.731 [info] Extension host terminating: renderer closed the MessagePort
2024-06-19 12:01:09.751 [info] Extension host with pid 5897 exiting with code 0
