2024-06-19 12:24:09.102 [info] Log level: Info
2024-06-19 12:24:09.102 [info] Validating found git in: "git"
2024-06-19 12:24:09.140 [info] Using git "2.39.2" from "git"
2024-06-19 12:24:09.170 [info] > git rev-parse --show-toplevel [10ms]
2024-06-19 12:24:09.170 [info] fatal: not a git repository (or any of the parent directories): .git
2024-06-19 12:24:09.213 [info] > git rev-parse --show-toplevel [32ms]
2024-06-19 12:24:09.213 [info] fatal: not a git repository (or any of the parent directories): .git
2024-06-19 12:24:09.245 [info] > git rev-parse --show-toplevel [5ms]
2024-06-19 12:24:09.245 [info] fatal: not a git repository (or any of the parent directories): .git
2024-06-19 12:24:09.254 [info] > git rev-parse --show-toplevel [3ms]
2024-06-19 12:24:09.254 [info] fatal: not a git repository (or any of the parent directories): .git
2024-06-19 12:24:09.262 [info] > git rev-parse --show-toplevel [1ms]
2024-06-19 12:24:09.262 [info] fatal: not a git repository (or any of the parent directories): .git
2024-06-19 12:24:09.269 [info] > git rev-parse --show-toplevel [3ms]
2024-06-19 12:24:09.269 [info] fatal: not a git repository (or any of the parent directories): .git
2024-06-19 12:24:09.276 [info] > git rev-parse --show-toplevel [3ms]
2024-06-19 12:24:09.276 [info] fatal: not a git repository (or any of the parent directories): .git
2024-06-19 12:24:09.284 [info] > git rev-parse --show-toplevel [2ms]
2024-06-19 12:24:09.284 [info] fatal: not a git repository (or any of the parent directories): .git
2024-06-19 12:24:09.291 [info] > git rev-parse --show-toplevel [2ms]
2024-06-19 12:24:09.291 [info] fatal: not a git repository (or any of the parent directories): .git
2024-06-19 12:24:09.306 [info] > git rev-parse --show-toplevel [9ms]
2024-06-19 12:24:09.306 [info] fatal: not a git repository (or any of the parent directories): .git
2024-06-19 12:24:09.318 [info] > git rev-parse --show-toplevel [4ms]
2024-06-19 12:24:09.318 [info] fatal: not a git repository (or any of the parent directories): .git
2024-06-19 12:24:09.326 [info] > git rev-parse --show-toplevel [3ms]
2024-06-19 12:24:09.326 [info] fatal: not a git repository (or any of the parent directories): .git
2024-06-19 12:24:09.335 [info] > git rev-parse --show-toplevel [3ms]
2024-06-19 12:24:09.335 [info] fatal: not a git repository (or any of the parent directories): .git
2024-06-19 12:24:09.343 [info] > git rev-parse --show-toplevel [3ms]
2024-06-19 12:24:09.343 [info] fatal: not a git repository (or any of the parent directories): .git
2024-06-19 12:24:09.353 [info] > git rev-parse --show-toplevel [3ms]
2024-06-19 12:24:09.353 [info] fatal: not a git repository (or any of the parent directories): .git
2024-06-19 12:24:09.375 [info] > git rev-parse --show-toplevel [2ms]
2024-06-19 12:24:09.375 [info] fatal: not a git repository (or any of the parent directories): .git
2024-06-19 12:24:09.385 [info] > git rev-parse --show-toplevel [2ms]
2024-06-19 12:24:09.385 [info] fatal: not a git repository (or any of the parent directories): .git
2024-06-19 12:24:09.392 [info] > git rev-parse --show-toplevel [2ms]
2024-06-19 12:24:09.392 [info] fatal: not a git repository (or any of the parent directories): .git
2024-06-19 12:24:09.401 [info] > git rev-parse --show-toplevel [3ms]
2024-06-19 12:24:09.401 [info] fatal: not a git repository (or any of the parent directories): .git
2024-06-19 12:24:09.411 [info] > git rev-parse --show-toplevel [3ms]
2024-06-19 12:24:09.411 [info] fatal: not a git repository (or any of the parent directories): .git
2024-06-19 12:24:09.421 [info] > git rev-parse --show-toplevel [3ms]
2024-06-19 12:24:09.421 [info] fatal: not a git repository (or any of the parent directories): .git
2024-06-19 12:24:09.430 [info] > git rev-parse --show-toplevel [3ms]
2024-06-19 12:24:09.430 [info] fatal: not a git repository (or any of the parent directories): .git
2024-06-19 12:24:09.439 [info] > git rev-parse --show-toplevel [3ms]
2024-06-19 12:24:09.439 [info] fatal: not a git repository (or any of the parent directories): .git
2024-06-19 12:24:10.231 [info] > git rev-parse --show-toplevel [3ms]
2024-06-19 12:24:10.231 [info] fatal: not a git repository (or any of the parent directories): .git
