2024-06-19 13:50:55.994 [info] Extension host with pid 14982 started
2024-06-19 13:50:56.147 [info] ExtensionService#_doActivateExtension vscode.emmet, startup: false, activationEvent: 'onLanguage'
2024-06-19 13:50:56.425 [info] ExtensionService#_doActivateExtension vscode.git-base, startup: true, activationEvent: '*', root cause: vscode.git
2024-06-19 13:50:56.518 [info] ExtensionService#_doActivateExtension vscode.git, startup: true, activationEvent: '*'
2024-06-19 13:50:56.563 [info] ExtensionService#_doActivateExtension vscode.github, startup: true, activationEvent: '*'
2024-06-19 13:50:56.621 [info] Eager extensions activated
2024-06-19 13:50:56.642 [info] ExtensionService#_doActivateExtension vscode.debug-auto-launch, startup: false, activationEvent: 'onStartupFinished'
2024-06-19 13:50:56.645 [info] ExtensionService#_doActivateExtension vscode.merge-conflict, startup: false, activationEvent: 'onStartupFinished'
2024-06-19 13:54:49.143 [info] Extension host terminating: renderer closed the MessagePort
2024-06-19 13:54:49.155 [info] Extension host with pid 14982 exiting with code 0
2024-06-19 13:54:51.256 [info] Extension host with pid 15575 started
2024-06-19 13:54:51.256 [info] Skipping acquiring lock for /home/toni/.config/VSCodium/User/workspaceStorage/89cdb4a894c5456632dc382139ea64a3.
2024-06-19 13:54:51.423 [info] ExtensionService#_doActivateExtension vscode.emmet, startup: false, activationEvent: 'onLanguage'
2024-06-19 13:54:51.559 [info] ExtensionService#_doActivateExtension vscode.git-base, startup: true, activationEvent: '*', root cause: vscode.git
2024-06-19 13:54:51.582 [info] ExtensionService#_doActivateExtension vscode.git, startup: true, activationEvent: '*'
2024-06-19 13:54:51.621 [info] ExtensionService#_doActivateExtension vscode.github, startup: true, activationEvent: '*'
2024-06-19 13:54:51.686 [info] Eager extensions activated
2024-06-19 13:54:51.722 [info] ExtensionService#_doActivateExtension vscode.debug-auto-launch, startup: false, activationEvent: 'onStartupFinished'
2024-06-19 13:54:51.726 [info] ExtensionService#_doActivateExtension vscode.merge-conflict, startup: false, activationEvent: 'onStartupFinished'
2024-06-19 13:55:47.226 [info] ExtensionService#_doActivateExtension vscode.github-authentication, startup: false, activationEvent: 'onAuthenticationRequest:github'
