2024-06-19 13:07:04.434 [info] Log level: Info
2024-06-19 13:07:04.435 [info] Validating found git in: "git"
2024-06-19 13:07:04.435 [info] Using git "2.39.2" from "git"
2024-06-19 13:07:04.454 [info] > git rev-parse --show-toplevel [23ms]
2024-06-19 13:07:04.454 [info] fatal: not a git repository (or any of the parent directories): .git
2024-06-19 13:07:04.470 [info] > git rev-parse --show-toplevel [10ms]
2024-06-19 13:07:04.470 [info] fatal: not a git repository (or any of the parent directories): .git
2024-06-19 13:07:04.532 [info] > git rev-parse --show-toplevel [42ms]
2024-06-19 13:07:04.532 [info] fatal: not a git repository (or any of the parent directories): .git
2024-06-19 13:07:04.572 [info] > git rev-parse --show-toplevel [9ms]
2024-06-19 13:07:04.572 [info] fatal: not a git repository (or any of the parent directories): .git
2024-06-19 13:07:04.603 [info] > git rev-parse --show-toplevel [2ms]
2024-06-19 13:07:04.603 [info] fatal: not a git repository (or any of the parent directories): .git
2024-06-19 13:07:04.622 [info] > git rev-parse --show-toplevel [9ms]
2024-06-19 13:07:04.622 [info] fatal: not a git repository (or any of the parent directories): .git
2024-06-19 13:07:04.636 [info] > git rev-parse --show-toplevel [4ms]
2024-06-19 13:07:04.636 [info] fatal: not a git repository (or any of the parent directories): .git
2024-06-19 13:07:04.647 [info] > git rev-parse --show-toplevel [5ms]
2024-06-19 13:07:04.647 [info] fatal: not a git repository (or any of the parent directories): .git
2024-06-19 13:07:04.691 [info] > git rev-parse --show-toplevel [8ms]
2024-06-19 13:07:04.691 [info] fatal: not a git repository (or any of the parent directories): .git
2024-06-19 13:07:04.712 [info] > git rev-parse --show-toplevel [6ms]
2024-06-19 13:07:04.712 [info] fatal: not a git repository (or any of the parent directories): .git
2024-06-19 13:07:04.724 [info] > git rev-parse --show-toplevel [1ms]
2024-06-19 13:07:04.724 [info] fatal: not a git repository (or any of the parent directories): .git
2024-06-19 13:07:04.762 [info] > git rev-parse --show-toplevel [7ms]
2024-06-19 13:07:04.763 [info] fatal: not a git repository (or any of the parent directories): .git
2024-06-19 13:07:04.779 [info] > git rev-parse --show-toplevel [3ms]
2024-06-19 13:07:04.779 [info] fatal: not a git repository (or any of the parent directories): .git
2024-06-19 13:07:04.788 [info] > git rev-parse --show-toplevel [5ms]
2024-06-19 13:07:04.788 [info] fatal: not a git repository (or any of the parent directories): .git
2024-06-19 13:07:04.816 [info] > git rev-parse --show-toplevel [13ms]
2024-06-19 13:07:04.816 [info] fatal: not a git repository (or any of the parent directories): .git
2024-06-19 13:07:04.848 [info] > git rev-parse --show-toplevel [17ms]
2024-06-19 13:07:04.848 [info] fatal: not a git repository (or any of the parent directories): .git
2024-06-19 13:07:04.882 [info] > git rev-parse --show-toplevel [8ms]
2024-06-19 13:07:04.882 [info] fatal: not a git repository (or any of the parent directories): .git
2024-06-19 13:07:04.909 [info] > git rev-parse --show-toplevel [12ms]
2024-06-19 13:07:04.909 [info] fatal: not a git repository (or any of the parent directories): .git
2024-06-19 13:07:04.934 [info] > git rev-parse --show-toplevel [11ms]
2024-06-19 13:07:04.934 [info] fatal: not a git repository (or any of the parent directories): .git
2024-06-19 13:07:04.975 [info] > git rev-parse --show-toplevel [6ms]
2024-06-19 13:07:04.975 [info] fatal: not a git repository (or any of the parent directories): .git
2024-06-19 13:07:04.989 [info] > git rev-parse --show-toplevel [3ms]
2024-06-19 13:07:04.989 [info] fatal: not a git repository (or any of the parent directories): .git
2024-06-19 13:07:05.172 [info] > git rev-parse --show-toplevel [6ms]
2024-06-19 13:07:05.172 [info] fatal: not a git repository (or any of the parent directories): .git
2024-06-19 13:07:05.692 [info] > git rev-parse --show-toplevel [3ms]
2024-06-19 13:07:05.692 [info] fatal: not a git repository (or any of the parent directories): .git
2024-06-19 13:13:20.273 [info] > git rev-parse --show-toplevel [4ms]
2024-06-19 13:13:20.273 [info] fatal: not a git repository (or any of the parent directories): .git
2024-06-19 13:13:54.649 [info] > git rev-parse --show-toplevel [5ms]
2024-06-19 13:13:54.649 [info] fatal: not a git repository (or any of the parent directories): .git
2024-06-19 13:15:21.950 [info] > git rev-parse --show-toplevel [6ms]
2024-06-19 13:15:21.970 [info] > git rev-parse --git-dir --git-common-dir [4ms]
2024-06-19 13:15:22.023 [info] Open repository: /home/toni/Documents/GitHub/dotes
2024-06-19 13:15:22.056 [info] No remotes found in the git config file.
2024-06-19 13:15:22.057 [info] > git config --get commit.template [11ms]
2024-06-19 13:15:22.058 [info] > git for-each-ref --format=%(refname)%00%(upstream:short)%00%(objectname)%00%(upstream:track)%00%(upstream:remotename)%00%(upstream:remoteref) refs/heads/main refs/remotes/main [3ms]
2024-06-19 13:15:22.070 [info] > git status -z -uall [5ms]
2024-06-19 13:15:22.086 [info] No remotes found in the git config file.
2024-06-19 13:15:22.088 [info] > git config --get commit.template [7ms]
2024-06-19 13:15:22.088 [info] > git for-each-ref --format=%(refname)%00%(upstream:short)%00%(objectname)%00%(upstream:track)%00%(upstream:remotename)%00%(upstream:remoteref) refs/heads/main refs/remotes/main [3ms]
2024-06-19 13:15:22.096 [info] > git status -z -uall [3ms]
