2024-06-19 11:57:29.105 [info] Added views:workbench.panel.markers.view in workbench.panel.markers
2024-06-19 11:57:29.105 [info] Added views:workbench.panel.output in workbench.panel.output
2024-06-19 11:57:29.105 [info] Added views:terminal in terminal
2024-06-19 11:57:29.105 [info] Added views:outline in workbench.view.explorer
2024-06-19 11:57:29.105 [info] Added views:workbench.scm in workbench.view.scm
2024-06-19 11:57:29.105 [info] Added views:workbench.view.search in workbench.view.search
2024-06-19 11:57:29.105 [info] Added views:timeline in workbench.view.explorer
2024-06-19 11:57:29.105 [info] Added views:workbench.explorer.emptyView in workbench.view.explorer
2024-06-19 11:57:29.542 [info] Added views:workbench.debug.variablesView,workbench.debug.watchExpressionsView,workbench.debug.callStackView,workbench.debug.breakPointsView in workbench.view.debug
2024-06-19 11:57:30.574 [info] Added views:~remote.forwardedPorts in ~remote.forwardedPortsContainer
2024-06-19 11:57:30.716 [info] Added views:workbench.panel.repl.view in workbench.panel.repl
2024-06-19 11:57:30.717 [info] Removed views:workbench.debug.breakPointsView,workbench.debug.callStackView,workbench.debug.watchExpressionsView,workbench.debug.variablesView from workbench.view.debug
2024-06-19 11:57:30.717 [info] Added views:workbench.debug.welcome in workbench.view.debug
2024-06-19 11:57:49.902 [info] Added views:workbench.panel.markers.view in workbench.panel.markers
2024-06-19 11:57:49.902 [info] Added views:workbench.panel.output in workbench.panel.output
2024-06-19 11:57:49.902 [info] Added views:terminal in terminal
2024-06-19 11:57:49.902 [info] Added views:outline in workbench.view.explorer
2024-06-19 11:57:49.902 [info] Added views:workbench.scm in workbench.view.scm
2024-06-19 11:57:49.907 [info] Added views:workbench.view.search in workbench.view.search
2024-06-19 11:57:49.907 [info] Added views:timeline in workbench.view.explorer
2024-06-19 11:57:49.907 [info] Added views:workbench.explorer.fileView in workbench.view.explorer
2024-06-19 11:57:50.606 [info] Added views:workbench.debug.variablesView,workbench.debug.watchExpressionsView,workbench.debug.callStackView,workbench.debug.breakPointsView in workbench.view.debug
2024-06-19 11:57:50.748 [info] Added views:~remote.forwardedPorts in ~remote.forwardedPortsContainer
2024-06-19 11:57:51.013 [info] Added views:workbench.panel.repl.view in workbench.panel.repl
2024-06-19 11:57:51.018 [info] Removed views:workbench.debug.breakPointsView,workbench.debug.callStackView,workbench.debug.watchExpressionsView,workbench.debug.variablesView from workbench.view.debug
2024-06-19 11:57:51.019 [info] Added views:workbench.debug.welcome in workbench.view.debug
